<?xml version="1.0" encoding="UTF-8"?>
<!-- Generated by org.testng.reporters.JUnitReportReporter -->
<testsuite hostname="dfw184018l.containerstore.com" name="org.broadleafcommerce.catalog.test.CatalogTest" tests="2" failures="0" timestamp="4 Sep 2019 21:37:22 GMT" time="0.175" errors="0">
  <testcase name="testSkus" time="0.002" classname="org.broadleafcommerce.catalog.test.CatalogTest"/>
  <testcase name="testCatalog" time="0.173" classname="org.broadleafcommerce.catalog.test.CatalogTest"/>
</testsuite> <!-- org.broadleafcommerce.catalog.test.CatalogTest -->
