<?xml version="1.0" encoding="UTF-8"?>
<!-- Generated by org.testng.reporters.JUnitReportReporter -->
<testsuite hostname="dfw184018l.containerstore.com" name="org.broadleafcommerce.email.test.EmailTest" tests="1" failures="0" timestamp="4 Sep 2019 21:37:22 GMT" time="0.096" errors="0">
  <testcase name="testSynchronousEmail" time="0.096" classname="org.broadleafcommerce.email.test.EmailTest"/>
</testsuite> <!-- org.broadleafcommerce.email.test.EmailTest -->
