<?xml version="1.0" encoding="UTF-8"?>
<!-- Generated by org.testng.reporters.JUnitReportReporter -->
<testsuite hostname="dfw184018l.containerstore.com" name="org.broadleafcommerce.security.test.AdminRoleTest" tests="1" failures="0" timestamp="4 Sep 2019 21:37:22 GMT" time="0.106" errors="0">
  <testcase name="testAdminRoleSave" time="0.106" classname="org.broadleafcommerce.security.test.AdminRoleTest"/>
</testsuite> <!-- org.broadleafcommerce.security.test.AdminRoleTest -->
