<?xml version="1.0" encoding="UTF-8"?>
<!-- Generated by org.testng.reporters.JUnitReportReporter -->
<testsuite hostname="dfw184018l.containerstore.com" name="org.broadleafcommerce.dependency.test.DependencyTest" tests="1" failures="0" timestamp="4 Sep 2019 21:37:22 GMT" time="0.060" errors="0">
  <testcase name="testDependencies" time="0.060" classname="org.broadleafcommerce.dependency.test.DependencyTest"/>
</testsuite> <!-- org.broadleafcommerce.dependency.test.DependencyTest -->
