<?xml version="1.0" encoding="UTF-8"?>
<!-- Generated by org.testng.reporters.JUnitReportReporter -->
<testsuite hostname="dfw184018l.containerstore.com" name="org.broadleafcommerce.security.test.AdminPermissionTest" tests="1" failures="0" timestamp="4 Sep 2019 21:37:22 GMT" time="0.006" errors="0">
  <testcase name="testAdminPermissionSave" time="0.006" classname="org.broadleafcommerce.security.test.AdminPermissionTest"/>
</testsuite> <!-- org.broadleafcommerce.security.test.AdminPermissionTest -->
