<?xml version="1.0" encoding="UTF-8"?>
<!-- Generated by org.testng.reporters.JUnitReportReporter -->
<testsuite hostname="dfw184018l.containerstore.com" name="org.broadleafcommerce.test.integration.CategoryDaoTest" tests="1" failures="0" timestamp="4 Sep 2019 21:37:22 GMT" time="0.014" errors="0">
  <testcase name="testSetFeaturedProducts" time="0.014" classname="org.broadleafcommerce.test.integration.CategoryDaoTest"/>
</testsuite> <!-- org.broadleafcommerce.test.integration.CategoryDaoTest -->
