<?xml version="1.0" encoding="UTF-8"?>
<!-- Generated by org.testng.reporters.JUnitReportReporter -->
<testsuite hostname="dfw184018l.containerstore.com" name="org.broadleafcommerce.offer.test.OfferTest" tests="34" failures="0" timestamp="4 Sep 2019 21:37:22 GMT" time="1.374" errors="0">
  <testcase name="testOfferNotCombinableOrderOffers" time="0.028" classname="org.broadleafcommerce.offer.test.OfferTest"/>
  <testcase name="testOfferSortWhenOfferAppliedToMultipleQuantityItems" time="0.031" classname="org.broadleafcommerce.offer.test.OfferTest"/>
  <testcase name="testOrderWithAllCombinableOffers_Order_Item_Fulfillment" time="0.069" classname="org.broadleafcommerce.offer.test.OfferTest"/>
  <testcase name="testFulfillmentGroupOffers_MultipleNonCombinable_ApplyNonCombinable" time="0.036" classname="org.broadleafcommerce.offer.test.OfferTest"/>
  <testcase name="testOfferGreaterDiscountSort" time="0.036" classname="org.broadleafcommerce.offer.test.OfferTest"/>
  <testcase name="testOfferLowerSalePriceWithNotCombinableOfferAndInformation" time="0.039" classname="org.broadleafcommerce.offer.test.OfferTest"/>
  <testcase name="testOfferLowerSalePriceWithNotCombinableOffer2" time="0.033" classname="org.broadleafcommerce.offer.test.OfferTest"/>
  <testcase name="testOfferCodeDao" time="0.014" classname="org.broadleafcommerce.offer.test.OfferTest"/>
  <testcase name="testFulfillmentGroupOffers" time="0.022" classname="org.broadleafcommerce.offer.test.OfferTest"/>
  <testcase name="testPercentOffOfferWithScaleGreaterThanTwo" time="0.048" classname="org.broadleafcommerce.offer.test.OfferTest"/>
  <testcase name="testReadAllOffers" time="0.018" classname="org.broadleafcommerce.offer.test.OfferTest"/>
  <testcase name="testCustomerOffers" time="0.011" classname="org.broadleafcommerce.offer.test.OfferTest"/>
  <testcase name="testOrder_ApplyOrderOffer_KeepRetailShipping" time="0.027" classname="org.broadleafcommerce.offer.test.OfferTest"/>
  <testcase name="testOfferSortWhenOfferAppliedToMultipleItems" time="0.026" classname="org.broadleafcommerce.offer.test.OfferTest"/>
  <testcase name="testFulfillmentGroupOffers_MultipleNonCombinable" time="0.029" classname="org.broadleafcommerce.offer.test.OfferTest"/>
  <testcase name="testOfferNotCombinableItemOffers" time="0.046" classname="org.broadleafcommerce.offer.test.OfferTest"/>
  <testcase name="testOfferNotCombinableOrderOffersWithItemOffer" time="0.030" classname="org.broadleafcommerce.offer.test.OfferTest"/>
  <testcase name="testOrderWith_NoOrderItemOffers_WithFulfillmentOffers" time="0.041" classname="org.broadleafcommerce.offer.test.OfferTest"/>
  <testcase name="testOfferLowerSalePrice" time="0.044" classname="org.broadleafcommerce.offer.test.OfferTest"/>
  <testcase name="testOfferDelete" time="0.020" classname="org.broadleafcommerce.offer.test.OfferTest"/>
  <testcase name="testOfferNotStackableOrderOffers" time="0.045" classname="org.broadleafcommerce.offer.test.OfferTest"/>
  <testcase name="testFulfillmentGroupOffersNonCombinable" time="0.030" classname="org.broadleafcommerce.offer.test.OfferTest"/>
  <testcase name="testCustomerAssociatedOffers2" time="0.032" classname="org.broadleafcommerce.offer.test.OfferTest"/>
  <testcase name="testGlobalOffers" time="0.029" classname="org.broadleafcommerce.offer.test.OfferTest"/>
  <testcase name="testCustomerAssociatedOffers" time="0.027" classname="org.broadleafcommerce.offer.test.OfferTest"/>
  <testcase name="testOfferLowerSalePriceWithNotCombinableOffer" time="0.039" classname="org.broadleafcommerce.offer.test.OfferTest"/>
  <testcase name="testOrderWithCombinable_ItemAndShipping_NonCombinable_Order_Apply_Percent" time="0.056" classname="org.broadleafcommerce.offer.test.OfferTest"/>
  <testcase name="testOfferNotStackableItemOffers" time="0.049" classname="org.broadleafcommerce.offer.test.OfferTest"/>
  <testcase name="testOrder_ApplyFulfillmentOffer_KeepRetailOrder" time="0.040" classname="org.broadleafcommerce.offer.test.OfferTest"/>
  <testcase name="createSku1" time="0.010" classname="org.broadleafcommerce.offer.test.OfferTest"/>
  <testcase name="testOrder_ApplyOrderAndItemOffer_KeepRetailShipping" time="0.039" classname="org.broadleafcommerce.offer.test.OfferTest"/>
  <testcase name="createSku2" time="0.010" classname="org.broadleafcommerce.offer.test.OfferTest"/>
  <testcase name="testOfferUsedForPricing" time="0.284" classname="org.broadleafcommerce.offer.test.OfferTest"/>
  <testcase name="testOrder_KeepRetailOrderAndItem_ApplyShippingOffer" time="0.036" classname="org.broadleafcommerce.offer.test.OfferTest"/>
</testsuite> <!-- org.broadleafcommerce.offer.test.OfferTest -->
