<?xml version="1.0" encoding="UTF-8"?>
<!-- Generated by org.testng.reporters.JUnitReportReporter -->
<testsuite hostname="dfw184018l.containerstore.com" name="org.broadleafcommerce.profile.test.RegisterCustomerControllerTest" tests="2" failures="0" timestamp="4 Sep 2019 21:37:22 GMT" time="0.059" errors="0">
  <testcase name="createCustomerFromController" time="0.056" classname="org.broadleafcommerce.profile.test.RegisterCustomerControllerTest"/>
  <testcase name="viewRegisterCustomerFromController" time="0.003" classname="org.broadleafcommerce.profile.test.RegisterCustomerControllerTest"/>
</testsuite> <!-- org.broadleafcommerce.profile.test.RegisterCustomerControllerTest -->
