<?xml version="1.0" encoding="UTF-8"?>
<!-- Generated by org.testng.reporters.JUnitReportReporter -->
<testsuite hostname="dfw184018l.containerstore.com" name="org.broadleafcommerce.test.integration.OrmTest" tests="1" failures="0" timestamp="4 Sep 2019 21:37:22 GMT" time="0.002" errors="0">
  <testcase name="testMappings" time="0.002" classname="org.broadleafcommerce.test.integration.OrmTest"/>
</testsuite> <!-- org.broadleafcommerce.test.integration.OrmTest -->
