<?xml version="1.0" encoding="UTF-8"?>
<!-- Generated by org.testng.reporters.JUnitReportReporter -->
<testsuite hostname="dfw184018l.containerstore.com" name="org.broadleafcommerce.layout.test.PaginationCommandObjectTest" tests="3" failures="0" timestamp="4 Sep 2019 21:37:22 GMT" time="0.008" errors="0">
  <testcase name="testFullList" time="0.002" classname="org.broadleafcommerce.layout.test.PaginationCommandObjectTest"/>
  <testcase name="testDisplayList" time="0.003" classname="org.broadleafcommerce.layout.test.PaginationCommandObjectTest"/>
  <testcase name="testIndices" time="0.003" classname="org.broadleafcommerce.layout.test.PaginationCommandObjectTest"/>
</testsuite> <!-- org.broadleafcommerce.layout.test.PaginationCommandObjectTest -->
